# JRE version: Java(TM) SE Runtime Environment (8.0_151-b12) (build 1.8.0_151-b12)
# Java VM: Java HotSpot(TM) 64-Bit Server VM (25.151-b12 mixed mode linux-amd64 compressed oops)
Heap:
 PSYoungGen      total 309248K, used 64K [0x00000000e1800000, 0x00000000f4700000, 0x0000000100000000)
  eden space 308224K, 0% used [0x00000000e1800000,0x00000000e1800000,0x00000000f4500000)
  from space 1024K, 6% used [0x00000000f4500000,0x00000000f4510000,0x00000000f4600000)
  to   space 1024K, 0% used [0x00000000f4600000,0x00000000f4600000,0x00000000f4700000)
 ParOldGen       total 62976K, used 484K [0x00000000a4800000, 0x00000000a8580000, 0x00000000e1800000)
  object space 62976K, 0% used [0x00000000a4800000,0x00000000a4879070,0x00000000a8580000)
 Metaspace       used 3250K, capacity 4490K, committed 4864K, reserved 1056768K
  class space    used 365K, capacity 386K, committed 512K, reserved 1048576K
GC Heap History (10 events):
Event: 1.103 GC heap after
Heap after GC invocations=6 (full 0):
 PSYoungGen      total 97280K, used 512K [0x00000000e1800000, 0x00000000e7800000, 0x0000000100000000)
  eden space 96256K, 0% used [0x00000000e1800000,0x00000000e1800000,0x00000000e7600000)
  from space 1024K, 50% used [0x00000000e7700000,0x00000000e7780020,0x00000000e7800000)
  to   space 1024K, 0% used [0x00000000e7600000,0x00000000e7600000,0x00000000e7700000)
 ParOldGen       total 62976K, used 24K [0x00000000a4800000, 0x00000000a8580000, 0x00000000e1800000)
  object space 62976K, 0% used [0x00000000a4800000,0x00000000a4806000,0x00000000a8580000)
 Metaspace       used 3250K, capacity 4490K, committed 4864K, reserved 1056768K
  class space    used 365K, capacity 386K, committed 512K, reserved 1048576K
}
Event: 1.339 GC heap before
{Heap before GC invocations=7 (full 0):
 PSYoungGen      total 97280K, used 96768K [0x00000000e1800000, 0x00000000e7800000, 0x0000000100000000)
  eden space 96256K, 100% used [0x00000000e1800000,0x00000000e7600000,0x00000000e7600000)
  from space 1024K, 50% used [0x00000000e7700000,0x00000000e7780020,0x00000000e7800000)
  to   space 1024K, 0% used [0x00000000e7600000,0x00000000e7600000,0x00000000e7700000)
 ParOldGen       total 62976K, used 24K [0x00000000a4800000, 0x00000000a8580000, 0x00000000e1800000)
  object space 62976K, 0% used [0x00000000a4800000,0x00000000a4806000,0x00000000a8580000)
 Metaspace       used 3250K, capacity 4490K, committed 4864K, reserved 1056768K
  class space    used 365K, capacity 386K, committed 512K, reserved 1048576K
Event: 1.340 GC heap after
Heap after GC invocations=7 (full 0):
 PSYoungGen      total 97280K, used 64K [0x00000000e1800000, 0x00000000ed600000, 0x0000000100000000)
  eden space 96256K, 0% used [0x00000000e1800000,0x00000000e1800000,0x00000000e7600000)
  from space 1024K, 6% used [0x00000000e7600000,0x00000000e7610000,0x00000000e7700000)
  to   space 1024K, 0% used [0x00000000ed500000,0x00000000ed500000,0x00000000ed600000)
 ParOldGen       total 62976K, used 452K [0x00000000a4800000, 0x00000000a8580000, 0x00000000e1800000)
  object space 62976K, 0% used [0x00000000a4800000,0x00000000a4871070,0x00000000a8580000)
 Metaspace       used 3250K, capacity 4490K, committed 4864K, reserved 1056768K
  class space    used 365K, capacity 386K, committed 512K, reserved 1048576K
}
Event: 1.428 GC heap before
{Heap before GC invocations=8 (full 0):
 PSYoungGen      total 97280K, used 96320K [0x00000000e1800000, 0x00000000ed600000, 0x0000000100000000)
  eden space 96256K, 100% used [0x00000000e1800000,0x00000000e7600000,0x00000000e7600000)
  from space 1024K, 6% used [0x00000000e7600000,0x00000000e7610000,0x00000000e7700000)
  to   space 1024K, 0% used [0x00000000ed500000,0x00000000ed500000,0x00000000ed600000)
 ParOldGen       total 62976K, used 452K [0x00000000a4800000, 0x00000000a8580000, 0x00000000e1800000)
  object space 62976K, 0% used [0x00000000a4800000,0x00000000a4871070,0x00000000a8580000)
 Metaspace       used 3250K, capacity 4490K, committed 4864K, reserved 1056768K
  class space    used 365K, capacity 386K, committed 512K, reserved 1048576K
Event: 1.431 GC heap after
Heap after GC invocations=8 (full 0):
 PSYoungGen      total 193536K, used 32K [0x00000000e1800000, 0x00000000ed600000, 0x0000000100000000)
  eden space 192512K, 0% used [0x00000000e1800000,0x00000000e1800000,0x00000000ed400000)
  from space 1024K, 3% used [0x00000000ed500000,0x00000000ed508000,0x00000000ed600000)
  to   space 1024K, 0% used [0x00000000ed400000,0x00000000ed400000,0x00000000ed500000)
 ParOldGen       total 62976K, used 452K [0x00000000a4800000, 0x00000000a8580000, 0x00000000e1800000)
  object space 62976K, 0% used [0x00000000a4800000,0x00000000a4871070,0x00000000a8580000)
 Metaspace       used 3250K, capacity 4490K, committed 4864K, reserved 1056768K
  class space    used 365K, capacity 386K, committed 512K, reserved 1048576K
}
Event: 2.081 GC heap before
{Heap before GC invocations=9 (full 0):
 PSYoungGen      total 193536K, used 192544K [0x00000000e1800000, 0x00000000ed600000, 0x0000000100000000)
  eden space 192512K, 100% used [0x00000000e1800000,0x00000000ed400000,0x00000000ed400000)
  from space 1024K, 3% used [0x00000000ed500000,0x00000000ed508000,0x00000000ed600000)
  to   space 1024K, 0% used [0x00000000ed400000,0x00000000ed400000,0x00000000ed500000)
 ParOldGen       total 62976K, used 452K [0x00000000a4800000, 0x00000000a8580000, 0x00000000e1800000)
  object space 62976K, 0% used [0x00000000a4800000,0x00000000a4871070,0x00000000a8580000)
 Metaspace       used 3250K, capacity 4490K, committed 4864K, reserved 1056768K
  class space    used 365K, capacity 386K, committed 512K, reserved 1048576K
Event: 2.083 GC heap after
Heap after GC invocations=9 (full 0):
 PSYoungGen      total 193536K, used 32K [0x00000000e1800000, 0x00000000f4700000, 0x0000000100000000)
  eden space 192512K, 0% used [0x00000000e1800000,0x00000000e1800000,0x00000000ed400000)
  from space 1024K, 3% used [0x00000000ed400000,0x00000000ed408000,0x00000000ed500000)
  to   space 1024K, 0% used [0x00000000f4600000,0x00000000f4600000,0x00000000f4700000)
 ParOldGen       total 62976K, used 460K [0x00000000a4800000, 0x00000000a8580000, 0x00000000e1800000)
  object space 62976K, 0% used [0x00000000a4800000,0x00000000a4873070,0x00000000a8580000)
 Metaspace       used 3250K, capacity 4490K, committed 4864K, reserved 1056768K
  class space    used 365K, capacity 386K, committed 512K, reserved 1048576K
}
Event: 2.327 GC heap before
{Heap before GC invocations=10 (full 0):
 PSYoungGen      total 193536K, used 192544K [0x00000000e1800000, 0x00000000f4700000, 0x0000000100000000)
  eden space 192512K, 100% used [0x00000000e1800000,0x00000000ed400000,0x00000000ed400000)
  from space 1024K, 3% used [0x00000000ed400000,0x00000000ed408000,0x00000000ed500000)
  to   space 1024K, 0% used [0x00000000f4600000,0x00000000f4600000,0x00000000f4700000)
 ParOldGen       total 62976K, used 460K [0x00000000a4800000, 0x00000000a8580000, 0x00000000e1800000)
  object space 62976K, 0% used [0x00000000a4800000,0x00000000a4873070,0x00000000a8580000)
 Metaspace       used 3250K, capacity 4490K, committed 4864K, reserved 1056768K
  class space    used 365K, capacity 386K, committed 512K, reserved 1048576K
Event: 2.328 GC heap after
Heap after GC invocations=10 (full 0):
 PSYoungGen      total 309248K, used 32K [0x00000000e1800000, 0x00000000f4700000, 0x0000000100000000)
  eden space 308224K, 0% used [0x00000000e1800000,0x00000000e1800000,0x00000000f4500000)
  from space 1024K, 3% used [0x00000000f4600000,0x00000000f4608000,0x00000000f4700000)
  to   space 1024K, 0% used [0x00000000f4500000,0x00000000f4500000,0x00000000f4600000)
 ParOldGen       total 62976K, used 468K [0x00000000a4800000, 0x00000000a8580000, 0x00000000e1800000)
  object space 62976K, 0% used [0x00000000a4800000,0x00000000a4875070,0x00000000a8580000)
 Metaspace       used 3250K, capacity 4490K, committed 4864K, reserved 1056768K
  class space    used 365K, capacity 386K, committed 512K, reserved 1048576K
}
Event: 2.992 GC heap before
{Heap before GC invocations=11 (full 0):
 PSYoungGen      total 309248K, used 308256K [0x00000000e1800000, 0x00000000f4700000, 0x0000000100000000)
  eden space 308224K, 100% used [0x00000000e1800000,0x00000000f4500000,0x00000000f4500000)
  from space 1024K, 3% used [0x00000000f4600000,0x00000000f4608000,0x00000000f4700000)
  to   space 1024K, 0% used [0x00000000f4500000,0x00000000f4500000,0x00000000f4600000)
 ParOldGen       total 62976K, used 468K [0x00000000a4800000, 0x00000000a8580000, 0x00000000e1800000)
  object space 62976K, 0% used [0x00000000a4800000,0x00000000a4875070,0x00000000a8580000)
 Metaspace       used 3250K, capacity 4490K, committed 4864K, reserved 1056768K
  class space    used 365K, capacity 386K, committed 512K, reserved 1048576K

